<?xml version="1.0" encoding="UTF-8"?>
<!-- Generated by org.testng.reporters.JUnitReportReporter -->
<testsuite hostname="DESKTOP-FNDG169" failures="0" tests="3" name="testcases.registerTestcases" time="10.933" errors="0" timestamp="2024-05-23T10:11:45 IST" skipped="1">
  <testcase classname="testcases.registerTestcases" name="verifyRegisterwithvalidData" time="5.387"/>
  <system-out/>
  <testcase classname="testcases.registerTestcases" name="verifyRegisterwithblankData" time="5.546"/>
  <system-out/>
  <testcase classname="testcases.registerTestcases" name="verifyRegisterwithinvalidData">
    <skipped/>
  </testcase> <!-- verifyRegisterwithinvalidData -->
  <system-out/>
</testsuite> <!-- testcases.registerTestcases -->
