<?xml version="1.0" encoding="UTF-8"?>
<!-- Generated by org.testng.reporters.JUnitReportReporter -->
<testsuite hostname="DESKTOP-FNDG169" failures="0" tests="3" name="testcases.registerTestcases" time="10.118" errors="0" timestamp="2024-05-20T09:01:29 IST" skipped="1">
  <testcase classname="testcases.registerTestcases" name="verifyRegisterwithvalidData" time="4.995"/>
  <system-out/>
  <testcase classname="testcases.registerTestcases" name="verifyRegisterwithblankData" time="5.123"/>
  <system-out/>
  <testcase classname="testcases.registerTestcases" name="verifyRegisterwithinvalidData">
    <skipped/>
  </testcase> <!-- verifyRegisterwithinvalidData -->
  <system-out/>
</testsuite> <!-- testcases.registerTestcases -->
